This is pdfTeX, Version 3.14159265-2.6-1.40.19 (MiKTeX 2.9.6800) (preloaded format=pdflatex 2018.10.18)  19 NOV 2018 22:10
entering extended mode
**./report-B136013.tex
(report-B136013.tex
LaTeX2e <2018-04-01> patch level 5

("/Users/xenis656/Library/Application Support/MiKTeX/texmfs/install/tex/latex/b
ase/article.cls"
Document Class: article 2014/09/29 v1.4h Standard LaTeX document class

("/Users/xenis656/Library/Application Support/MiKTeX/texmfs/install/tex/latex/b
ase/size12.clo"
File: size12.clo 2014/09/29 v1.4h Standard LaTeX file (size option)
)
\c@part=\count80
\c@section=\count81
\c@subsection=\count82
\c@subsubsection=\count83
\c@paragraph=\count84
\c@subparagraph=\count85
\c@figure=\count86
\c@table=\count87
\abovecaptionskip=\skip41
\belowcaptionskip=\skip42
\bibindent=\dimen102
) (epcc.sty
EPCC's LaTeX 2e local style file $Revision: 3.6 $ $Date: 1998/01/09 09:32:33 $

("/Users/xenis656/Library/Application Support/MiKTeX/texmfs/install/tex/latex/p
snfss/times.sty"
Package: times 2005/04/12 PSNFSS-v9.2a (SPQR) 
)
("/Users/xenis656/Library/Application Support/MiKTeX/texmfs/install/tex/latex/b
ase/t1enc.sty"
Package: t1enc 1994/06/01 Standard LaTeX package
)
\p@perwidth=\skip43
\p@perlength=\skip44
\mainsize=\skip45
\leftsidemargin=\skip46
\leftsideshift=\skip47
\rightsidemargin=\skip48
\rightsideshift=\skip49
\headsidemargin=\skip50
\footsidemargin=\skip51
\footheight=\skip52
 (fancyheadings.sty
\headrulewidth=\dimen103
\footrulewidth=\dimen104
\plainheadrulewidth=\dimen105
\plainfootrulewidth=\dimen106
\headwidth=\dimen107
\footruleskip=\dimen108
)
\pagerulewidth=\dimen109
\@pcclines=\count88
\@pcclinemax=\count89
\headexcess=\dimen110
\c@codeseg=\count90

("/Users/xenis656/Library/Application Support/MiKTeX/texmfs/install/tex/latex/g
raphics/graphics.sty"
Package: graphics 2017/06/25 v1.2c Standard LaTeX Graphics (DPC,SPQR)

("/Users/xenis656/Library/Application Support/MiKTeX/texmfs/install/tex/latex/g
raphics/trig.sty"
Package: trig 2016/01/03 v1.10 sin cos tan (DPC)
)
("/Users/xenis656/Library/Application Support/MiKTeX/texmfs/install/tex/latex/g
raphics-cfg/graphics.cfg"
File: graphics.cfg 2016/06/04 v1.11 sample graphics configuration
)
Package graphics Info: Driver file: pdftex.def on input line 99.

("/Users/xenis656/Library/Application Support/MiKTeX/texmfs/install/tex/latex/g
raphics-def/pdftex.def"
File: pdftex.def 2018/01/08 v1.0l Graphics/color driver for pdftex
))
\t@bSkip=\dimen111
\reverseT@bSkip=\dimen112
\hh=\count91
\mm=\count92
RCSident: $Id: epcc.sty,v 3.6 1998/01/09 09:32:33 st Exp $
)
("/Users/xenis656/Library/Application Support/MiKTeX/texmfs/install/tex/latex/g
raphics/graphicx.sty"
Package: graphicx 2017/06/01 v1.1a Enhanced LaTeX Graphics (DPC,SPQR)

("/Users/xenis656/Library/Application Support/MiKTeX/texmfs/install/tex/latex/g
raphics/keyval.sty"
Package: keyval 2014/10/28 v1.15 key=value parser (DPC)
\KV@toks@=\toks14
)
\Gin@req@height=\dimen113
\Gin@req@width=\dimen114
)
("/Users/xenis656/Library/Application Support/MiKTeX/texmfs/install/tex/latex/l
istings/listings.sty"
\lst@mode=\count93
\lst@gtempboxa=\box26
\lst@token=\toks15
\lst@length=\count94
\lst@currlwidth=\dimen115
\lst@column=\count95
\lst@pos=\count96
\lst@lostspace=\dimen116
\lst@width=\dimen117
\lst@newlines=\count97
\lst@lineno=\count98
\lst@maxwidth=\dimen118

("/Users/xenis656/Library/Application Support/MiKTeX/texmfs/install/tex/latex/l
istings/lstmisc.sty"
File: lstmisc.sty 2018/09/02 1.7 (Carsten Heinz)
\c@lstnumber=\count99
\lst@skipnumbers=\count100
\lst@framebox=\box27
)
("/Users/xenis656/Library/Application Support/MiKTeX/texmfs/install/tex/latex/l
istings/listings.cfg"
File: listings.cfg 2018/09/02 1.7 listings configuration
))
Package: listings 2018/09/02 1.7 (Carsten Heinz)

("/Users/xenis656/Library/Application Support/MiKTeX/texmfs/install/tex/latex/g
raphics/color.sty"
Package: color 2016/07/10 v1.1e Standard LaTeX Color (DPC)

("/Users/xenis656/Library/Application Support/MiKTeX/texmfs/install/tex/latex/g
raphics-cfg/color.cfg"
File: color.cfg 2016/01/02 v1.6 sample color configuration
)
Package color Info: Driver file: pdftex.def on input line 147.
)
("/Users/xenis656/Library/Application Support/MiKTeX/texmfs/install/tex/latex/a
msmath/amsmath.sty"
Package: amsmath 2017/09/02 v2.17a AMS math features
\@mathmargin=\skip53

For additional information on amsmath, use the `?' option.

("/Users/xenis656/Library/Application Support/MiKTeX/texmfs/install/tex/latex/a
msmath/amstext.sty"
Package: amstext 2000/06/29 v2.01 AMS text

("/Users/xenis656/Library/Application Support/MiKTeX/texmfs/install/tex/latex/a
msmath/amsgen.sty"
File: amsgen.sty 1999/11/30 v2.0 generic functions
\@emptytoks=\toks16
\ex@=\dimen119
))
("/Users/xenis656/Library/Application Support/MiKTeX/texmfs/install/tex/latex/a
msmath/amsbsy.sty"
Package: amsbsy 1999/11/29 v1.2d Bold Symbols
\pmbraise@=\dimen120
)
("/Users/xenis656/Library/Application Support/MiKTeX/texmfs/install/tex/latex/a
msmath/amsopn.sty"
Package: amsopn 2016/03/08 v2.02 operator names
)
\inf@bad=\count101
LaTeX Info: Redefining \frac on input line 213.
\uproot@=\count102
\leftroot@=\count103
LaTeX Info: Redefining \overline on input line 375.
\classnum@=\count104
\DOTSCASE@=\count105
LaTeX Info: Redefining \ldots on input line 472.
LaTeX Info: Redefining \dots on input line 475.
LaTeX Info: Redefining \cdots on input line 596.
\Mathstrutbox@=\box28
\strutbox@=\box29
\big@size=\dimen121
LaTeX Font Info:    Redeclaring font encoding OML on input line 712.
LaTeX Font Info:    Redeclaring font encoding OMS on input line 713.
\macc@depth=\count106
\c@MaxMatrixCols=\count107
\dotsspace@=\muskip10
\c@parentequation=\count108
\dspbrk@lvl=\count109
\tag@help=\toks17
\row@=\count110
\column@=\count111
\maxfields@=\count112
\andhelp@=\toks18
\eqnshift@=\dimen122
\alignsep@=\dimen123
\tagshift@=\dimen124
\tagwidth@=\dimen125
\totwidth@=\dimen126
\lineht@=\dimen127
\@envbody=\toks19
\multlinegap=\skip54
\multlinetaggap=\skip55
\mathdisplay@stack=\toks20
LaTeX Info: Redefining \[ on input line 2817.
LaTeX Info: Redefining \] on input line 2818.
)
("/Users/xenis656/Library/Application Support/MiKTeX/texmfs/install/tex/latex/l
istings/lstlang1.sty"
File: lstlang1.sty 2018/09/02 1.7 listings language file
)
("/Users/xenis656/Library/Application Support/MiKTeX/texmfs/install/tex/latex/l
istings/lstmisc.sty"
File: lstmisc.sty 2018/09/02 1.7 (Carsten Heinz)
)
("/Users/xenis656/Library/Application Support/MiKTeX/texmfs/install/tex/latex/h
yperref/hyperref.sty"
Package: hyperref 2018/09/30 v6.88a Hypertext links for LaTeX

("/Users/xenis656/Library/Application Support/MiKTeX/texmfs/install/tex/generic
/oberdiek/hobsub-hyperref.sty"
Package: hobsub-hyperref 2016/05/16 v1.14 Bundle oberdiek, subset hyperref (HO)


("/Users/xenis656/Library/Application Support/MiKTeX/texmfs/install/tex/generic
/oberdiek/hobsub-generic.sty"
Package: hobsub-generic 2016/05/16 v1.14 Bundle oberdiek, subset generic (HO)
Package: hobsub 2016/05/16 v1.14 Construct package bundles (HO)
Package: infwarerr 2016/05/16 v1.4 Providing info/warning/error messages (HO)
Package: ltxcmds 2016/05/16 v1.23 LaTeX kernel commands for general use (HO)
Package: ifluatex 2016/05/16 v1.4 Provides the ifluatex switch (HO)
Package ifluatex Info: LuaTeX not detected.
Package: ifvtex 2016/05/16 v1.6 Detect VTeX and its facilities (HO)
Package ifvtex Info: VTeX not detected.
Package: intcalc 2016/05/16 v1.2 Expandable calculations with integers (HO)
Package: ifpdf 2018/09/07 v3.3 Provides the ifpdf switch
Package: etexcmds 2016/05/16 v1.6 Avoid name clashes with e-TeX commands (HO)
Package etexcmds Info: Could not find \expanded.
(etexcmds)             That can mean that you are not using pdfTeX 1.50 or
(etexcmds)             that some package has redefined \expanded.
(etexcmds)             In the latter case, load this package earlier.
Package: kvsetkeys 2016/05/16 v1.17 Key value parser (HO)
Package: kvdefinekeys 2016/05/16 v1.4 Define keys (HO)
Package: pdftexcmds 2018/09/10 v0.29 Utility functions of pdfTeX for LuaTeX (HO
)
Package pdftexcmds Info: LuaTeX not detected.
Package pdftexcmds Info: \pdf@primitive is available.
Package pdftexcmds Info: \pdf@ifprimitive is available.
Package pdftexcmds Info: \pdfdraftmode found.
Package: pdfescape 2016/05/16 v1.14 Implements pdfTeX's escape features (HO)
Package: bigintcalc 2016/05/16 v1.4 Expandable calculations on big integers (HO
)
Package: bitset 2016/05/16 v1.2 Handle bit-vector datatype (HO)
Package: uniquecounter 2016/05/16 v1.3 Provide unlimited unique counter (HO)
)
Package hobsub Info: Skipping package `hobsub' (already loaded).
Package: letltxmacro 2016/05/16 v1.5 Let assignment for LaTeX macros (HO)
Package: hopatch 2016/05/16 v1.3 Wrapper for package hooks (HO)
Package: xcolor-patch 2016/05/16 xcolor patch
Package: atveryend 2016/05/16 v1.9 Hooks at the very end of document (HO)
Package atveryend Info: \enddocument detected (standard20110627).
Package: atbegshi 2016/06/09 v1.18 At begin shipout hook (HO)
Package: refcount 2016/05/16 v3.5 Data extraction from label references (HO)
Package: hycolor 2016/05/16 v1.8 Color options for hyperref/bookmark (HO)
)
("/Users/xenis656/Library/Application Support/MiKTeX/texmfs/install/tex/generic
/ifxetex/ifxetex.sty"
Package: ifxetex 2010/09/12 v0.6 Provides ifxetex conditional
)
("/Users/xenis656/Library/Application Support/MiKTeX/texmfs/install/tex/latex/o
berdiek/auxhook.sty"
Package: auxhook 2016/05/16 v1.4 Hooks for auxiliary files (HO)
)
("/Users/xenis656/Library/Application Support/MiKTeX/texmfs/install/tex/latex/o
berdiek/kvoptions.sty"
Package: kvoptions 2016/05/16 v3.12 Key value format for package options (HO)
)
\@linkdim=\dimen128
\Hy@linkcounter=\count113
\Hy@pagecounter=\count114

("/Users/xenis656/Library/Application Support/MiKTeX/texmfs/install/tex/latex/h
yperref/pd1enc.def"
File: pd1enc.def 2018/09/30 v6.88a Hyperref: PDFDocEncoding definition (HO)
Now handling font encoding PD1 ...
... no UTF-8 mapping file for font encoding PD1
)
\Hy@SavedSpaceFactor=\count115

("/Users/xenis656/Library/Application Support/MiKTeX/texmfs/install/tex/latex/0
0miktex/hyperref.cfg"
File: hyperref.cfg 2002/06/06 v1.2 hyperref configuration of TeXLive
)
Package hyperref Info: Hyper figures OFF on input line 4535.
Package hyperref Info: Link nesting OFF on input line 4540.
Package hyperref Info: Hyper index ON on input line 4543.
Package hyperref Info: Plain pages OFF on input line 4550.
Package hyperref Info: Backreferencing OFF on input line 4555.
Package hyperref Info: Implicit mode ON; LaTeX internals redefined.
Package hyperref Info: Bookmarks ON on input line 4788.
\c@Hy@tempcnt=\count116

("/Users/xenis656/Library/Application Support/MiKTeX/texmfs/install/tex/latex/u
rl/url.sty"
\Urlmuskip=\muskip11
Package: url 2013/09/16  ver 3.4  Verb mode for urls, etc.
)
LaTeX Info: Redefining \url on input line 5141.
\XeTeXLinkMargin=\dimen129
\Fld@menulength=\count117
\Field@Width=\dimen130
\Fld@charsize=\dimen131
Package hyperref Info: Hyper figures OFF on input line 6396.
Package hyperref Info: Link nesting OFF on input line 6401.
Package hyperref Info: Hyper index ON on input line 6404.
Package hyperref Info: backreferencing OFF on input line 6411.
Package hyperref Info: Link coloring OFF on input line 6416.
Package hyperref Info: Link coloring with OCG OFF on input line 6421.
Package hyperref Info: PDF/A mode OFF on input line 6426.
LaTeX Info: Redefining \ref on input line 6466.
LaTeX Info: Redefining \pageref on input line 6470.
\Hy@abspage=\count118
\c@Item=\count119
\c@Hfootnote=\count120
)
Package hyperref Info: Driver (autodetected): hpdftex.

("/Users/xenis656/Library/Application Support/MiKTeX/texmfs/install/tex/latex/h
yperref/hpdftex.def"
File: hpdftex.def 2018/09/30 v6.88a Hyperref driver for pdfTeX
\Fld@listcount=\count121
\c@bookmark@seq@number=\count122

("/Users/xenis656/Library/Application Support/MiKTeX/texmfs/install/tex/latex/o
berdiek/rerunfilecheck.sty"
Package: rerunfilecheck 2016/05/16 v1.8 Rerun checks for auxiliary files (HO)
Package uniquecounter Info: New unique counter `rerunfilecheck' on input line 2
82.
)
\Hy@SectionHShift=\skip56
)
Package hyperref Info: Option `colorlinks' set `true' on input line 45.
 (report-B136013.aux)
\openout1 = `report-B136013.aux'.

LaTeX Font Info:    Checking defaults for OML/cmm/m/it on input line 50.
LaTeX Font Info:    ... okay on input line 50.
LaTeX Font Info:    Checking defaults for T1/cmr/m/n on input line 50.
LaTeX Font Info:    ... okay on input line 50.
LaTeX Font Info:    Checking defaults for OT1/cmr/m/n on input line 50.
LaTeX Font Info:    ... okay on input line 50.
LaTeX Font Info:    Checking defaults for OMS/cmsy/m/n on input line 50.
LaTeX Font Info:    ... okay on input line 50.
LaTeX Font Info:    Checking defaults for OMX/cmex/m/n on input line 50.
LaTeX Font Info:    ... okay on input line 50.
LaTeX Font Info:    Checking defaults for U/cmr/m/n on input line 50.
LaTeX Font Info:    ... okay on input line 50.
LaTeX Font Info:    Checking defaults for PD1/pdf/m/n on input line 50.
LaTeX Font Info:    ... okay on input line 50.
LaTeX Font Info:    Try loading font information for T1+ptm on input line 50.

("/Users/xenis656/Library/Application Support/MiKTeX/texmfs/install/tex/latex/p
snfss/t1ptm.fd"
File: t1ptm.fd 2001/06/04 font definitions for T1/ptm.
)
("/Users/xenis656/Library/Application Support/MiKTeX/texmfs/install/tex/context
/base/supp-pdf.mkii"
[Loading MPS to PDF converter (version 2006.09.02).]
\scratchcounter=\count123
\scratchdimen=\dimen132
\scratchbox=\box30
\nofMPsegments=\count124
\nofMParguments=\count125
\everyMPshowfont=\toks21
\MPscratchCnt=\count126
\MPscratchDim=\dimen133
\MPnumerator=\count127
\makeMPintoPDFobject=\count128
\everyMPtoPDFconversion=\toks22
)
("/Users/xenis656/Library/Application Support/MiKTeX/texmfs/install/tex/latex/o
berdiek/epstopdf-base.sty"
Package: epstopdf-base 2016/05/15 v2.6 Base part for package epstopdf

("/Users/xenis656/Library/Application Support/MiKTeX/texmfs/install/tex/latex/o
berdiek/grfext.sty"
Package: grfext 2016/05/16 v1.2 Manage graphics extensions (HO)
)
Package epstopdf-base Info: Redefining graphics rule for `.eps' on input line 4
38.
Package grfext Info: Graphics extension search list:
(grfext)             [.pdf,.png,.jpg,.mps,.jpeg,.jbig2,.jb2,.PDF,.PNG,.JPG,.JPE
G,.JBIG2,.JB2,.eps]
(grfext)             \AppendGraphicsExtensions on input line 456.
)
\c@lstlisting=\count129
\AtBeginShipoutBox=\box31
Package hyperref Info: Link coloring ON on input line 50.

("/Users/xenis656/Library/Application Support/MiKTeX/texmfs/install/tex/latex/h
yperref/nameref.sty"
Package: nameref 2016/05/21 v2.44 Cross-referencing by name of section

("/Users/xenis656/Library/Application Support/MiKTeX/texmfs/install/tex/generic
/oberdiek/gettitlestring.sty"
Package: gettitlestring 2016/05/16 v1.5 Cleanup title references (HO)
)
\c@section@level=\count130
)
LaTeX Info: Redefining \ref on input line 50.
LaTeX Info: Redefining \pageref on input line 50.
LaTeX Info: Redefining \nameref on input line 50.
 (report-B136013.out) (report-B136013.out)
\@outlinefile=\write3
\openout3 = `report-B136013.out'.

<logos/logo_black.pdf, id=79, 662.475pt x 191.71625pt>
File: logos/logo_black.pdf Graphic file (type pdf)
<use logos/logo_black.pdf>
Package pdftex.def Info: logos/logo_black.pdf  used on input line 57.
(pdftex.def)             Requested size: 662.47339pt x 191.71577pt.
<logos/crest_bw.pdf, id=80, 363.3575pt x 367.3725pt>
File: logos/crest_bw.pdf Graphic file (type pdf)
<use logos/crest_bw.pdf>
Package pdftex.def Info: logos/crest_bw.pdf  used on input line 57.
(pdftex.def)             Requested size: 363.3566pt x 367.37158pt.

[1


Non-PDF special ignored!
<special> ps: /RCSident ($Id: epcc.sty,v 3.6 1998/01/09 09:32:33 st Exp $) ...
{/Users/xenis656/Library/Application Support/MiKTeX/texmfs/data/pdftex/config/p
dftex.map} <./logos/logo_black.pdf> <./logos/crest_bw.pdf>]
LaTeX Font Info:    Font shape `T1/ptm/bx/n' in size <17.28> not available
(Font)              Font shape `T1/ptm/b/n' tried instead on input line 63.
 (report-B136013.toc
LaTeX Font Info:    Font shape `T1/ptm/bx/n' in size <12> not available
(Font)              Font shape `T1/ptm/b/n' tried instead on input line 1.
)
\tf@toc=\write4
\openout4 = `report-B136013.toc'.

 [2

]
LaTeX Font Info:    Font shape `T1/ptm/bx/n' in size <14.4> not available
(Font)              Font shape `T1/ptm/b/n' tried instead on input line 75.
LaTeX Font Info:    Try loading font information for OMS+ptm on input line 84.

("/Users/xenis656/Library/Application Support/MiKTeX/texmfs/install/tex/latex/p
snfss/omsptm.fd"
File: omsptm.fd 
)
LaTeX Font Info:    Font shape `OMS/ptm/m/n' in size <12> not available
(Font)              Font shape `OMS/cmsy/m/n' tried instead on input line 84.
 [3

] [4]
("/Users/xenis656/Library/Application Support/MiKTeX/texmfs/install/tex/latex/l
istings/lstlang1.sty"
File: lstlang1.sty 2018/09/02 1.7 listings language file
)
("/Users/xenis656/Library/Application Support/MiKTeX/texmfs/install/tex/latex/l
istings/lstlang1.sty"
File: lstlang1.sty 2018/09/02 1.7 listings language file
) [5] [6]
Package epstopdf Info: Source file: <../graphs/loop1_running_time.eps>
(epstopdf)                    date: 2018-11-19 21:07:33
(epstopdf)                    size: 25278 bytes
(epstopdf)             Output file: <../graphs/loop1_running_time-eps-converted
-to.pdf>
(epstopdf)                    date: 2018-11-19 21:36:13
(epstopdf)                    size: 15221 bytes
(epstopdf)             Command: <epstopdf --outfile=../graphs/loop1_running_tim
e-eps-converted-to.pdf ../graphs/loop1_running_time.eps>
(epstopdf)             \includegraphics on input line 177.
Package epstopdf Info: Output file is already uptodate.
<../graphs/loop1_running_time-eps-converted-to.pdf, id=141, 462.72874pt x 346.2
9375pt>
File: ../graphs/loop1_running_time-eps-converted-to.pdf Graphic file (type pdf)

<use ../graphs/loop1_running_time-eps-converted-to.pdf>
Package pdftex.def Info: ../graphs/loop1_running_time-eps-converted-to.pdf  use
d on input line 177.
(pdftex.def)             Requested size: 277.63939pt x 207.77785pt.
 [7 <../graphs/loop1_running_time-eps-converted-to.pdf>]
Package epstopdf Info: Source file: <../graphs/loop1_speedup.eps>
(epstopdf)                    date: 2018-11-19 21:07:34
(epstopdf)                    size: 25440 bytes
(epstopdf)             Output file: <../graphs/loop1_speedup-eps-converted-to.p
df>
(epstopdf)                    date: 2018-11-19 21:36:14
(epstopdf)                    size: 15010 bytes
(epstopdf)             Command: <epstopdf --outfile=../graphs/loop1_speedup-eps
-converted-to.pdf ../graphs/loop1_speedup.eps>
(epstopdf)             \includegraphics on input line 194.
Package epstopdf Info: Output file is already uptodate.
<../graphs/loop1_speedup-eps-converted-to.pdf, id=184, 462.72874pt x 346.29375p
t>
File: ../graphs/loop1_speedup-eps-converted-to.pdf Graphic file (type pdf)
<use ../graphs/loop1_speedup-eps-converted-to.pdf>
Package pdftex.def Info: ../graphs/loop1_speedup-eps-converted-to.pdf  used on 
input line 194.
(pdftex.def)             Requested size: 277.63939pt x 207.77785pt.
Package epstopdf Info: Source file: <../graphs/jmax.eps>
(epstopdf)                    date: 2018-11-19 21:07:33
(epstopdf)                    size: 2217911 bytes
(epstopdf)             Output file: <../graphs/jmax-eps-converted-to.pdf>
(epstopdf)                    date: 2018-11-19 21:36:33
(epstopdf)                    size: 10812013 bytes
(epstopdf)             Command: <epstopdf --outfile=../graphs/jmax-eps-converte
d-to.pdf ../graphs/jmax.eps>
(epstopdf)             \includegraphics on input line 209.
Package epstopdf Info: Output file is already uptodate.
<../graphs/jmax-eps-converted-to.pdf, id=187, 462.72874pt x 346.29375pt>
File: ../graphs/jmax-eps-converted-to.pdf Graphic file (type pdf)
<use ../graphs/jmax-eps-converted-to.pdf>
Package pdftex.def Info: ../graphs/jmax-eps-converted-to.pdf  used on input lin
e 209.
(pdftex.def)             Requested size: 277.63939pt x 207.77785pt.
 [8 <../graphs/loop1_speedup-eps-converted-to.pdf>]
Package epstopdf Info: Source file: <../graphs/loop2_running_time.eps>
(epstopdf)                    date: 2018-11-19 21:07:34
(epstopdf)                    size: 27076 bytes
(epstopdf)             Output file: <../graphs/loop2_running_time-eps-converted
-to.pdf>
(epstopdf)                    date: 2018-11-19 21:36:35
(epstopdf)                    size: 17164 bytes
(epstopdf)             Command: <epstopdf --outfile=../graphs/loop2_running_tim
e-eps-converted-to.pdf ../graphs/loop2_running_time.eps>
(epstopdf)             \includegraphics on input line 220.
Package epstopdf Info: Output file is already uptodate.
<../graphs/loop2_running_time-eps-converted-to.pdf, id=227, 462.72874pt x 346.2
9375pt>
File: ../graphs/loop2_running_time-eps-converted-to.pdf Graphic file (type pdf)

<use ../graphs/loop2_running_time-eps-converted-to.pdf>
Package pdftex.def Info: ../graphs/loop2_running_time-eps-converted-to.pdf  use
d on input line 220.
(pdftex.def)             Requested size: 277.63939pt x 207.77785pt.
 [9 <../graphs/jmax-eps-converted-to.pdf> <../graphs/loop2_running_time-eps-con
verted-to.pdf>]
Package epstopdf Info: Source file: <../graphs/loop2_speedup.eps>
(epstopdf)                    date: 2018-11-19 21:07:34
(epstopdf)                    size: 25226 bytes
(epstopdf)             Output file: <../graphs/loop2_speedup-eps-converted-to.p
df>
(epstopdf)                    date: 2018-11-19 21:37:35
(epstopdf)                    size: 14890 bytes
(epstopdf)             Command: <epstopdf --outfile=../graphs/loop2_speedup-eps
-converted-to.pdf ../graphs/loop2_speedup.eps>
(epstopdf)             \includegraphics on input line 231.
Package epstopdf Info: Output file is already uptodate.
<../graphs/loop2_speedup-eps-converted-to.pdf, id=304, 462.72874pt x 346.29375p
t>
File: ../graphs/loop2_speedup-eps-converted-to.pdf Graphic file (type pdf)
<use ../graphs/loop2_speedup-eps-converted-to.pdf>
Package pdftex.def Info: ../graphs/loop2_speedup-eps-converted-to.pdf  used on 
input line 231.
(pdftex.def)             Requested size: 277.63939pt x 207.77785pt.
Package atveryend Info: Empty hook `BeforeClearDocument' on input line 241.

[10 <../graphs/loop2_speedup-eps-converted-to.pdf>]
Package atveryend Info: Empty hook `AfterLastShipout' on input line 241.
 (report-B136013.aux)
Package atveryend Info: Executing hook `AtVeryEndDocument' on input line 241.
Package atveryend Info: Executing hook `AtEndAfterFileList' on input line 241.
Package rerunfilecheck Info: File `report-B136013.out' has not changed.
(rerunfilecheck)             Checksum: AED5E1DABC0E3843068F35F9FC0DEF4C;1113.
Package atveryend Info: Empty hook `AtVeryVeryEnd' on input line 241.
 ) 
Here is how much of TeX's memory you used:
 7893 strings out of 492971
 115151 string characters out of 3124857
 408031 words of memory out of 3000000
 11634 multiletter control sequences out of 15000+200000
 32841 words of font info for 49 fonts, out of 3000000 for 9000
 1141 hyphenation exceptions out of 8191
 29i,12n,49p,682b,1251s stack positions out of 5000i,500n,10000p,200000b,50000s
{/Users/xenis656/Library/Application Support/MiKTeX/texmfs/install/fonts/enc/
dvips/base/8r.enc}</Users/xenis656/Library/Application Support/MiKTeX/texmfs/in
stall/fonts/type1/public/amsfonts/cm/cmsy10.pfb></Users/xenis656/Library/Applic
ation Support/MiKTeX/texmfs/install/fonts/type1/urw/times/utmb8a.pfb></Users/xe
nis656/Library/Application Support/MiKTeX/texmfs/install/fonts/type1/urw/times/
utmr8a.pfb>
Output written on report-B136013.pdf (10 pages, 10965896 bytes).
PDF statistics:
 368 PDF objects out of 1000 (max. 8388607)
 44 named destinations out of 1000 (max. 500000)
 188 words of extra memory for PDF output out of 10000 (max. 10000000)

