\BOOKMARK [1][-]{section.1}{Introduction}{}% 1
\BOOKMARK [1][-]{section.2}{Project Specification}{}% 2
\BOOKMARK [2][-]{subsection.2.1}{Description}{section.2}% 3
\BOOKMARK [2][-]{subsection.2.2}{Terminology}{section.2}% 4
\BOOKMARK [1][-]{section.3}{Design Analysis}{}% 5
\BOOKMARK [2][-]{subsection.3.1}{Initialization}{section.3}% 6
\BOOKMARK [2][-]{subsection.3.2}{Main Loop}{section.3}% 7
\BOOKMARK [2][-]{subsection.3.3}{Syncronization}{section.3}% 8
\BOOKMARK [3][-]{subsubsection.3.3.1}{Example}{subsection.3.3}% 9
\BOOKMARK [2][-]{subsection.3.4}{Finilization}{section.3}% 10
\BOOKMARK [1][-]{section.4}{Tools}{}% 11
\BOOKMARK [2][-]{subsection.4.1}{Building}{section.4}% 12
\BOOKMARK [2][-]{subsection.4.2}{Platform}{section.4}% 13
\BOOKMARK [1][-]{section.5}{Evaluation}{}% 14
\BOOKMARK [2][-]{subsection.5.1}{Loop 1}{section.5}% 15
\BOOKMARK [3][-]{subsubsection.5.1.1}{Running Time}{subsection.5.1}% 16
\BOOKMARK [3][-]{subsubsection.5.1.2}{Speedup}{subsection.5.1}% 17
\BOOKMARK [2][-]{subsection.5.2}{Loop 2}{section.5}% 18
\BOOKMARK [3][-]{subsubsection.5.2.1}{Running Time}{subsection.5.2}% 19
\BOOKMARK [3][-]{subsubsection.5.2.2}{Speedup}{subsection.5.2}% 20
\BOOKMARK [1][-]{section.6}{Conclusion}{}% 21
